<?xml version="1.0" encoding="UTF-8"?>
<testsuite xmlns:xsi="http://www.w3.org/2001/XMLSchema-instance" xsi:noNamespaceSchemaLocation="https://maven.apache.org/surefire/maven-surefire-plugin/xsd/surefire-test-report.xsd" version="3.0.2" name="com.weblearn.spring_learn.SpringLearnApplicationTests" time="6.796" tests="1" errors="0" skipped="0" failures="0" flakes="0">
  <properties>
[...]
</properties>
  <testcase name="contextLoads" classname="com.weblearn.spring_learn.SpringLearnApplicationTests" time="1.532">
    <system-out><![CDATA[20:58:52.274 [main] INFO org.springframework.test.context.support.AnnotationConfigContextLoaderUtils -- Could not detect default configuration classes for test class [com.weblearn.spring_learn.SpringLearnApplicationTests]: SpringLearnApplicationTests does not declare any static, non-private, non-final, nested classes annotated with @Configuration.
20:58:52.480 [main] INFO org.springframework.boot.test.context.SpringBootTestContextBootstrapper -- Found @SpringBootConfiguration com.weblearn.spring_learn.SpringLearnApplication for test class com.weblearn.spring_learn.SpringLearnApplicationTests
20:58:52.693 [main] INFO org.springframework.test.context.support.AnnotationConfigContextLoaderUtils -- Could not detect default configuration classes for test class [com.weblearn.spring_learn.SpringLearnApplicationTests]: SpringLearnApplicationTests does not declare any static, non-private, non-final, nested classes annotated with @Configuration.
20:58:52.696 [main] INFO org.springframework.boot.test.context.SpringBootTestContextBootstrapper -- Found @SpringBootConfiguration com.weblearn.spring_learn.SpringLearnApplication for test class com.weblearn.spring_learn.SpringLearnApplicationTests
20:58:52.881 [main] INFO org.springframework.boot.devtools.restart.RestartApplicationListener -- Restart disabled due to context in which it is running

  .   ____          _            __ _ _
 /\\ / ___'_ __ _ _(_)_ __  __ _ \ \ \ \
( ( )\___ | '_ | '_| | '_ \/ _` | \ \ \ \
 \\/  ___)| |_)| | | | | || (_| |  ) ) ) )
  '  |____| .__|_| |_|_| |_\__, | / / / /
 =========|_|==============|___/=/_/_/_/

 :: Spring Boot ::                (v4.0.4)

2026-03-23T20:58:53.494+08:00  INFO 3004 --- [spring_learn] [           main] c.w.s.SpringLearnApplicationTests        : Starting SpringLearnApplicationTests using Java 17.0.12 with PID 3004 (started by FucKang in D:\Projects\Java_projects\spring_learn)
2026-03-23T20:58:53.500+08:00  INFO 3004 --- [spring_learn] [           main] c.w.s.SpringLearnApplicationTests        : No active profile set, falling back to 1 default profile: "default"
Logging initialized using 'class org.apache.ibatis.logging.stdout.StdOutImpl' adapter.
2026-03-23T20:58:56.974+08:00  INFO 3004 --- [spring_learn] [           main] c.w.s.SpringLearnApplicationTests        : Started SpringLearnApplicationTests in 4.121 seconds (process running for 6.801)
]]></system-out>
  </testcase>
</testsuite>